<?xml version="1.0" encoding="UTF-8"?>
<!-- Generated by org.testng.reporters.JUnitReportReporter -->
<testsuite skipped="0" hostname="DESKTOP-I8IVSTL" name="test.igihetest" tests="1" failures="0" timestamp="19 Jul 2020 03:47:43 GMT" time="13.487" errors="0">
  <testcase name="launch" time="13.487" classname="test.igihetest"/>
</testsuite> <!-- test.igihetest -->
