<?xml version="1.0" encoding="UTF-8"?>
<!-- Generated by org.testng.reporters.JUnitReportReporter -->
<testsuite skipped="0" hostname="DESKTOP-I8IVSTL" name="test.LoginTest" tests="1" failures="0" timestamp="2020-10-12T22:52:15 CDT" time="9.387" errors="0">
  <testcase name="validUserShouldBetologinin" time="9.387" classname="test.LoginTest"/>
  <system-out/>
</testsuite> <!-- test.LoginTest -->
