<?xml version="1.0" encoding="UTF-8"?>
<!-- Generated by org.testng.reporters.JUnitReportReporter -->
<testsuite skipped="0" hostname="DESKTOP-I8IVSTL" name="test.loginTest2" tests="1" failures="0" timestamp="2020-08-14T08:59:14 CDT" time="14.297" errors="0">
  <testcase name="lauchbrowser" time="14.297" classname="test.loginTest2"/>
  <system-out/>
</testsuite> <!-- test.loginTest2 -->
